▲ Next.js 16.2.4 (Turbopack)
- Local:         http://localhost:3000
- Network:       http://172.30.1.1:3000
- Environments: .env
✓ Ready in 538ms

 GET /job/0 404 in 930ms (next.js: 550ms, application-code: 380ms)
 GET /job/3 404 in 75ms (next.js: 15ms, application-code: 60ms)
 GET /company/0 404 in 509ms (next.js: 434ms, application-code: 74ms)
 GET /company/2 404 in 70ms (next.js: 20ms, application-code: 50ms)
 GET /company/99 404 in 49ms (next.js: 4ms, application-code: 44ms)
 GET /job/0 404 in 236ms (next.js: 26ms, application-code: 210ms)
 GET /job/3 404 in 105ms (next.js: 7ms, application-code: 98ms)
 GET /company/0 404 in 173ms (next.js: 18ms, application-code: 155ms)
 GET /company/2 404 in 110ms (next.js: 8ms, application-code: 103ms)
 GET /company/99 404 in 78ms (next.js: 2ms, application-code: 76ms)
✓ Compiled in 66ms
✓ Compiled in 45ms
 GET /job/0 200 in 650ms (next.js: 58ms, application-code: 592ms)
 GET /job/3 200 in 1113ms (next.js: 34ms, application-code: 1079ms)
 GET /company/0 200 in 199ms (next.js: 38ms, application-code: 161ms)
 GET /company/2 200 in 51ms (next.js: 4ms, application-code: 47ms)
 GET /company/99 404 in 50ms (next.js: 1832µs, application-code: 49ms)
 GET / 200 in 1060ms (next.js: 179ms, application-code: 881ms)
 GET /recommendations 200 in 566ms (next.js: 17ms, application-code: 549ms)
 GET /job/0 200 in 581ms (next.js: 17ms, application-code: 563ms)
 GET /job/1 200 in 791ms (next.js: 16ms, application-code: 775ms)
 GET /company/0 200 in 68ms (next.js: 15ms, application-code: 53ms)
 GET /company/1 200 in 67ms (next.js: 4ms, application-code: 62ms)
